This file contains any messages produced by compilers while
running configure, to aid debugging if configure makes a mistake.

It was created by tslib configure 0.0.2, which was
generated by GNU Autoconf 2.68.  Invocation command line was

  $ ./configure --host=arm-none-linux-gnueabi --cache-file=arm-none-linux-gnueabi.cache --enable-inputapi=no --prefix=/home/fog/v-bios/v-bios/tslib/out

## --------- ##
## Platform. ##
## --------- ##

hostname = fog-VirtualBox
uname -m = i686
uname -r = 3.11.0-15-generic
uname -s = Linux
uname -v = #25~precise1-Ubuntu SMP Thu Jan 30 17:42:40 UTC 2014

/usr/bin/uname -p = unknown
/bin/uname -X     = unknown

/bin/arch              = unknown
/usr/bin/arch -k       = unknown
/usr/convex/getsysinfo = unknown
/usr/bin/hostinfo      = unknown
/bin/machine           = unknown
/usr/bin/oslevel       = unknown
/bin/universe          = unknown

PATH: /usr/local/sbin
PATH: /usr/local/bin
PATH: /usr/sbin
PATH: /usr/bin
PATH: /sbin
PATH: /bin
PATH: /usr/games
PATH: /home/fog/v-bios/v-bios/build/opt/EmbedSky/crosstools_3.4.5_softfloat/gcc-3.4.5-glibc-2.3.6/arm-linux/bin


## ----------- ##
## Core tests. ##
## ----------- ##

configure:2364: loading cache arm-none-linux-gnueabi.cache
configure:2494: checking for a BSD-compatible install
configure:2562: result: /usr/bin/install -c
configure:2573: checking whether build environment is sane
configure:2628: result: yes
configure:2687: checking for arm-none-linux-gnueabi-strip
configure:2714: result: strip
configure:2779: checking for a thread-safe mkdir -p
configure:2818: result: /bin/mkdir -p
configure:2825: checking for gawk
configure:2852: result: mawk
configure:2863: checking whether make sets $(MAKE)
configure:2885: result: yes
configure:3000: checking for arm-none-linux-gnueabi-g++
configure:3030: result: no
configure:3000: checking for arm-none-linux-gnueabi-c++
configure:3030: result: no
configure:3000: checking for arm-none-linux-gnueabi-gpp
configure:3030: result: no
configure:3000: checking for arm-none-linux-gnueabi-aCC
configure:3030: result: no
configure:3000: checking for arm-none-linux-gnueabi-CC
configure:3030: result: no
configure:3000: checking for arm-none-linux-gnueabi-cxx
configure:3030: result: no
configure:3000: checking for arm-none-linux-gnueabi-cc++
configure:3030: result: no
configure:3000: checking for arm-none-linux-gnueabi-cl.exe
configure:3030: result: no
configure:3000: checking for arm-none-linux-gnueabi-FCC
configure:3030: result: no
configure:3000: checking for arm-none-linux-gnueabi-KCC
configure:3030: result: no
configure:3000: checking for arm-none-linux-gnueabi-RCC
configure:3030: result: no
configure:3000: checking for arm-none-linux-gnueabi-xlC_r
configure:3030: result: no
configure:3000: checking for arm-none-linux-gnueabi-xlC
configure:3030: result: no
configure:3044: checking for g++
configure:3071: result: g++
configure:3098: checking for C++ compiler version
configure:3107: g++ --version >&5
g++ (Ubuntu/Linaro 4.6.3-1ubuntu5) 4.6.3
Copyright (C) 2011 Free Software Foundation, Inc.
This is free software; see the source for copying conditions.  There is NO
warranty; not even for MERCHANTABILITY or FITNESS FOR A PARTICULAR PURPOSE.

configure:3118: $? = 0
configure:3107: g++ -v >&5
Using built-in specs.
COLLECT_GCC=g++
COLLECT_LTO_WRAPPER=/usr/lib/gcc/i686-linux-gnu/4.6/lto-wrapper
Target: i686-linux-gnu
Configured with: ../src/configure -v --with-pkgversion='Ubuntu/Linaro 4.6.3-1ubuntu5' --with-bugurl=file:///usr/share/doc/gcc-4.6/README.Bugs --enable-languages=c,c++,fortran,objc,obj-c++ --prefix=/usr --program-suffix=-4.6 --enable-shared --enable-linker-build-id --with-system-zlib --libexecdir=/usr/lib --without-included-gettext --enable-threads=posix --with-gxx-include-dir=/usr/include/c++/4.6 --libdir=/usr/lib --enable-nls --with-sysroot=/ --enable-clocale=gnu --enable-libstdcxx-debug --enable-libstdcxx-time=yes --enable-gnu-unique-object --enable-plugin --enable-objc-gc --enable-targets=all --disable-werror --with-arch-32=i686 --with-tune=generic --enable-checking=release --build=i686-linux-gnu --host=i686-linux-gnu --target=i686-linux-gnu
Thread model: posix
gcc version 4.6.3 (Ubuntu/Linaro 4.6.3-1ubuntu5) 
configure:3118: $? = 0
configure:3107: g++ -V >&5
g++: error: unrecognized option '-V'
g++: fatal error: no input files
compilation terminated.
configure:3118: $? = 4
configure:3107: g++ -qversion >&5
g++: error: unrecognized option '-qversion'
g++: fatal error: no input files
compilation terminated.
configure:3118: $? = 4
configure:3138: checking whether the C++ compiler works
configure:3160: g++    conftest.cpp  >&5
configure:3164: $? = 0
configure:3212: result: yes
configure:3215: checking for C++ compiler default output file name
configure:3217: result: a.out
configure:3223: checking for suffix of executables
configure:3230: g++ -o conftest    conftest.cpp  >&5
configure:3234: $? = 0
configure:3256: result: 
configure:3278: checking whether we are cross compiling
configure:3286: g++ -o conftest    conftest.cpp  >&5
configure:3290: $? = 0
configure:3297: ./conftest
configure:3301: $? = 0
configure:3316: result: no
configure:3321: checking for suffix of object files
configure:3368: result: o
configure:3372: checking whether we are using the GNU C++ compiler
configure:3400: result: yes
configure:3409: checking whether g++ accepts -g
configure:3470: result: yes
configure:3504: checking for style of include used by make
configure:3532: result: GNU
configure:3558: checking dependency style of g++
configure:3669: result: gcc3
configure:3692: checking for arm-none-linux-gnueabi-gcc
configure:3722: result: no
configure:3732: checking for gcc
configure:3759: result: gcc
configure:3988: checking for C compiler version
configure:3997: gcc --version >&5
gcc (Ubuntu/Linaro 4.6.3-1ubuntu5) 4.6.3
Copyright (C) 2011 Free Software Foundation, Inc.
This is free software; see the source for copying conditions.  There is NO
warranty; not even for MERCHANTABILITY or FITNESS FOR A PARTICULAR PURPOSE.

configure:4008: $? = 0
configure:3997: gcc -v >&5
Using built-in specs.
COLLECT_GCC=gcc
COLLECT_LTO_WRAPPER=/usr/lib/gcc/i686-linux-gnu/4.6/lto-wrapper
Target: i686-linux-gnu
Configured with: ../src/configure -v --with-pkgversion='Ubuntu/Linaro 4.6.3-1ubuntu5' --with-bugurl=file:///usr/share/doc/gcc-4.6/README.Bugs --enable-languages=c,c++,fortran,objc,obj-c++ --prefix=/usr --program-suffix=-4.6 --enable-shared --enable-linker-build-id --with-system-zlib --libexecdir=/usr/lib --without-included-gettext --enable-threads=posix --with-gxx-include-dir=/usr/include/c++/4.6 --libdir=/usr/lib --enable-nls --with-sysroot=/ --enable-clocale=gnu --enable-libstdcxx-debug --enable-libstdcxx-time=yes --enable-gnu-unique-object --enable-plugin --enable-objc-gc --enable-targets=all --disable-werror --with-arch-32=i686 --with-tune=generic --enable-checking=release --build=i686-linux-gnu --host=i686-linux-gnu --target=i686-linux-gnu
Thread model: posix
gcc version 4.6.3 (Ubuntu/Linaro 4.6.3-1ubuntu5) 
configure:4008: $? = 0
configure:3997: gcc -V >&5
gcc: error: unrecognized option '-V'
gcc: fatal error: no input files
compilation terminated.
configure:4008: $? = 4
configure:3997: gcc -qversion >&5
gcc: error: unrecognized option '-qversion'
gcc: fatal error: no input files
compilation terminated.
configure:4008: $? = 4
configure:4012: checking whether we are using the GNU C compiler
configure:4040: result: yes
configure:4049: checking whether gcc accepts -g
configure:4110: result: yes
configure:4127: checking for gcc option to accept ISO C89
configure:4204: result: none needed
configure:4226: checking dependency style of gcc
configure:4337: result: gcc3
configure:4357: checking how to run the C preprocessor
configure:4427: result: gcc -E
configure:4447: gcc -E  conftest.c
configure:4447: $? = 0
configure:4461: gcc -E  conftest.c
conftest.c:11:28: fatal error: ac_nonexistent.h: No such file or directory
compilation terminated.
configure:4461: $? = 1
configure: failed program was:
| /* confdefs.h */
| #define PACKAGE_NAME "tslib"
| #define PACKAGE_TARNAME "tslib"
| #define PACKAGE_VERSION "0.0.2"
| #define PACKAGE_STRING "tslib 0.0.2"
| #define PACKAGE_BUGREPORT "kergoth@handhelds.org"
| #define PACKAGE_URL ""
| #define PACKAGE "tslib"
| #define VERSION "0.0.2"
| /* end confdefs.h.  */
| #include <ac_nonexistent.h>
configure:4493: checking whether the C compiler supports -fvisibility=hidden
configure:4518: result: yes
configure:4526: checking whether to use -fvisibility=hidden
configure:4539: result: yes
configure:4549: checking whether ln -s works
configure:4553: result: yes
configure:4560: checking whether make sets $(MAKE)
configure:4582: result: yes
configure:4686: checking build system type
configure:4700: result: i686-pc-linux-gnu
configure:4720: checking host system type
configure:4733: result: arm-none-linux-gnueabi
configure:4774: checking how to print strings
configure:4801: result: printf
configure:4822: checking for a sed that does not truncate output
configure:4886: result: /bin/sed
configure:4904: checking for grep that handles long lines and -e
configure:4962: result: /bin/grep
configure:4967: checking for egrep
configure:5029: result: /bin/grep -E
configure:5034: checking for fgrep
configure:5096: result: /bin/grep -F
configure:5131: checking for ld used by gcc
configure:5198: result: /usr/bin/ld
configure:5205: checking if the linker (/usr/bin/ld) is GNU ld
configure:5220: result: yes
configure:5232: checking for BSD- or MS-compatible name lister (nm)
configure:5281: result: no
configure:5295: checking for arm-none-linux-gnueabi-dumpbin
configure:5325: result: no
configure:5295: checking for arm-none-linux-gnueabi-link
configure:5325: result: no
configure:5339: checking for dumpbin
configure:5366: result: link -dump
configure:5411: checking the name lister (nm) interface
configure:5431: result: BSD nm
configure:5435: checking the maximum length of command line arguments
configure:5565: result: 1572864
configure:5582: checking whether the shell understands some XSI constructs
configure:5592: result: yes
configure:5596: checking whether the shell understands "+="
configure:5602: result: yes
configure:5637: checking how to convert i686-pc-linux-gnu file names to arm-none-linux-gnueabi format
configure:5677: result: func_convert_file_noop
configure:5684: checking how to convert i686-pc-linux-gnu file names to toolchain format
configure:5704: result: func_convert_file_noop
configure:5711: checking for /usr/bin/ld option to reload object files
configure:5718: result: -r
configure:5752: checking for arm-none-linux-gnueabi-objdump
configure:5782: result: no
configure:5792: checking for objdump
configure:5819: result: objdump
configure:5851: checking how to recognize dependent libraries
configure:6053: result: pass_all
configure:6098: checking for arm-none-linux-gnueabi-dlltool
configure:6128: result: no
configure:6138: checking for dlltool
configure:6168: result: no
configure:6198: checking how to associate runtime and link libraries
configure:6225: result: printf %s\n
configure:6241: checking for arm-none-linux-gnueabi-ar
configure:6271: result: no
configure:6285: checking for ar
configure:6312: result: ar
configure:6349: checking for archiver @FILE support
configure:6392: result: @
configure:6410: checking for arm-none-linux-gnueabi-strip
configure:6437: result: strip
configure:6509: checking for arm-none-linux-gnueabi-ranlib
configure:6539: result: no
configure:6549: checking for ranlib
configure:6576: result: ranlib
configure:6678: checking command to parse nm output from gcc object
configure:6915: result: ok
configure:6952: checking for sysroot
configure:6982: result: no
configure:7198: checking for arm-none-linux-gnueabi-mt
configure:7228: result: no
configure:7238: checking for mt
configure:7265: result: mt
configure:7288: checking if mt is a manifest tool
configure:7302: result: no
configure:7940: checking for ANSI C header files
configure:8044: result: yes
configure:8057: checking for sys/types.h
configure:8057: result: yes
configure:8057: checking for sys/stat.h
configure:8057: result: yes
configure:8057: checking for stdlib.h
configure:8057: result: yes
configure:8057: checking for string.h
configure:8057: result: yes
configure:8057: checking for memory.h
configure:8057: result: yes
configure:8057: checking for strings.h
configure:8057: result: yes
configure:8057: checking for inttypes.h
configure:8057: result: yes
configure:8057: checking for stdint.h
configure:8057: result: yes
configure:8057: checking for unistd.h
configure:8057: result: yes
configure:8071: checking for dlfcn.h
configure:8071: result: yes
configure:8226: checking for objdir
configure:8241: result: .libs
configure:8512: checking if gcc supports -fno-rtti -fno-exceptions
configure:8547: result: no
configure:8874: checking for gcc option to produce PIC
configure:8881: result: -fPIC -DPIC
configure:8889: checking if gcc PIC flag -fPIC -DPIC works
configure:8924: result: yes
configure:8953: checking if gcc static flag -static works
configure:8981: result: yes
configure:8996: checking if gcc supports -c -o file.o
configure:9043: result: yes
configure:9051: checking if gcc supports -c -o file.o
configure:9098: result: yes
configure:9131: checking whether the gcc linker (/usr/bin/ld) supports shared libraries
configure:10284: result: yes
configure:10321: checking whether -lc should be explicitly linked in
configure:10364: result: no
configure:10524: checking dynamic linker characteristics
configure:11257: result: GNU/Linux ld.so
configure:11364: checking how to hardcode library paths into programs
configure:11389: result: immediate
configure:11483: checking for shl_load
configure:11483: result: no
configure:11487: checking for shl_load in -ldld
configure:11521: result: no
configure:11526: checking for dlopen
configure:11526: result: no
configure:11530: checking for dlopen in -ldl
configure:11564: result: yes
configure:11683: checking whether a program can dlopen itself
configure:11784: result: yes
configure:11789: checking whether a statically linked program can dlopen itself
configure:11890: result: no
configure:11929: checking whether stripping libraries is possible
configure:11934: result: yes
configure:11969: checking if libtool supports shared libraries
configure:11971: result: yes
configure:11974: checking whether to build shared libraries
configure:11995: result: yes
configure:11998: checking whether to build static libraries
configure:12002: result: no
configure:12025: checking how to run the C++ preprocessor
configure:12091: result: g++ -E
configure:12111: g++ -E  conftest.cpp
configure:12111: $? = 0
configure:12125: g++ -E  conftest.cpp
conftest.cpp:23:28: fatal error: ac_nonexistent.h: No such file or directory
compilation terminated.
configure:12125: $? = 1
configure: failed program was:
| /* confdefs.h */
| #define PACKAGE_NAME "tslib"
| #define PACKAGE_TARNAME "tslib"
| #define PACKAGE_VERSION "0.0.2"
| #define PACKAGE_STRING "tslib 0.0.2"
| #define PACKAGE_BUGREPORT "kergoth@handhelds.org"
| #define PACKAGE_URL ""
| #define PACKAGE "tslib"
| #define VERSION "0.0.2"
| #define STDC_HEADERS 1
| #define HAVE_SYS_TYPES_H 1
| #define HAVE_SYS_STAT_H 1
| #define HAVE_STDLIB_H 1
| #define HAVE_STRING_H 1
| #define HAVE_MEMORY_H 1
| #define HAVE_STRINGS_H 1
| #define HAVE_INTTYPES_H 1
| #define HAVE_STDINT_H 1
| #define HAVE_UNISTD_H 1
| #define HAVE_DLFCN_H 1
| #define LT_OBJDIR ".libs/"
| /* end confdefs.h.  */
| #include <ac_nonexistent.h>
configure:12294: checking for ld used by g++
configure:12361: result: /usr/bin/ld
configure:12368: checking if the linker (/usr/bin/ld) is GNU ld
configure:12383: result: yes
configure:12438: checking whether the g++ linker (/usr/bin/ld) supports shared libraries
configure:13443: result: yes
configure:13479: g++ -c -g -O2  conftest.cpp >&5
configure:13482: $? = 0
configure:14002: checking for g++ option to produce PIC
configure:14009: result: -fPIC -DPIC
configure:14017: checking if g++ PIC flag -fPIC -DPIC works
configure:14052: result: yes
configure:14075: checking if g++ static flag -static works
configure:14103: result: yes
configure:14115: checking if g++ supports -c -o file.o
configure:14162: result: yes
configure:14167: checking if g++ supports -c -o file.o
configure:14214: result: yes
configure:14244: checking whether the g++ linker (/usr/bin/ld) supports shared libraries
configure:14280: result: yes
configure:14421: checking dynamic linker characteristics
configure:15088: result: GNU/Linux ld.so
configure:15141: checking how to hardcode library paths into programs
configure:15166: result: immediate
configure:15229: checking for dlopen in -ldl
configure:15263: result: yes
configure:15276: checking for size_t
configure:15276: result: yes
configure:15289: checking for working alloca.h
configure:15314: result: yes
configure:15322: checking for alloca
configure:15367: result: yes
configure:15476: checking for ANSI C header files
configure:15580: result: yes
configure:15591: checking for fcntl.h
configure:15591: result: yes
configure:15591: checking for limits.h
configure:15591: result: yes
configure:15591: checking for stdlib.h
configure:15591: result: yes
configure:15591: checking for string.h
configure:15591: result: yes
configure:15591: checking for sys/ioctl.h
configure:15591: result: yes
configure:15591: checking for sys/time.h
configure:15591: result: yes
configure:15591: checking for unistd.h
configure:15591: result: yes
configure:15603: checking for an ANSI C-conforming const
configure:15675: result: yes
configure:15683: checking for inline
configure:15707: result: inline
configure:15725: checking for size_t
configure:15725: result: yes
configure:15736: checking whether time.h and sys/time.h may both be included
configure:15763: result: yes
configure:15774: checking whether gcc needs -traditional
configure:15808: result: no
configure:15817: checking for stdlib.h
configure:15817: result: yes
configure:15827: checking for GNU libc compatible malloc
configure:15861: result: yes
configure:15888: checking for stdlib.h
configure:15888: result: yes
configure:15888: checking for unistd.h
configure:15888: result: yes
configure:15888: checking for sys/param.h
configure:15888: result: yes
configure:15908: checking for getpagesize
configure:15908: result: yes
configure:15917: checking for working mmap
configure:16074: result: yes
configure:16086: checking for sys/select.h
configure:16086: result: yes
configure:16086: checking for sys/socket.h
configure:16086: result: yes
configure:16096: checking types of arguments for select
configure:16135: result: int,fd_set *,struct timeval *
configure:16158: checking return type of signal handlers
configure:16183: result: void
configure:16191: checking whether lstat correctly handles trailing slash
configure:16234: result: yes
configure:16253: checking whether stat accepts an empty string
configure:16283: result: no
configure:16301: checking for vprintf
configure:16301: result: yes
configure:16307: checking for _doprnt
configure:16307: result: no
configure:16321: checking for bzero
configure:16321: result: yes
configure:16321: checking for gettimeofday
configure:16321: result: yes
configure:16321: checking for memmove
configure:16321: result: yes
configure:16321: checking for memset
configure:16321: result: yes
configure:16321: checking for munmap
configure:16321: result: yes
configure:16321: checking for select
configure:16321: result: yes
configure:16321: checking for strcasecmp
configure:16321: result: yes
configure:16321: checking for strchr
configure:16321: result: yes
configure:16321: checking for strdup
configure:16321: result: yes
configure:16321: checking for strtoul
configure:16321: result: yes
configure:16332: checking whether linear modules is requested
configure:16341: result: yes
configure:16352: checking whether dejitter module is requested
configure:16361: result: yes
configure:16372: checking whether linear-h2200 module is requested
configure:16381: result: yes
configure:16392: checking whether variance module is requested
configure:16401: result: yes
configure:16412: checking whether pthres module is requested
configure:16421: result: yes
configure:16434: checking whether ucb1x00 module is requested
configure:16443: result: yes
configure:16454: checking whether corgi module is requested
configure:16463: result: yes
configure:16474: checking whether collie module is requested
configure:16483: result: yes
configure:16495: checking whether h3600 module is requested
configure:16504: result: yes
configure:16515: checking whether mk712 module is requested
configure:16524: result: yes
configure:16535: checking whether arctic2 module is requested
configure:16544: result: yes
configure:16555: checking whether input module is requested
configure:16564: result: yes
configure:16575: checking where to place modules
configure:16585: result: ${libdir}/ts/
configure:16589: checking whether to enable debugging
configure:16598: result: no
configure:16734: checking that generated files are newer than configure
configure:16740: result: done
configure:16815: creating ./config.status

## ---------------------- ##
## Running config.status. ##
## ---------------------- ##

This file was extended by tslib config.status 0.0.2, which was
generated by GNU Autoconf 2.68.  Invocation command line was

  CONFIG_FILES    = 
  CONFIG_HEADERS  = 
  CONFIG_LINKS    = 
  CONFIG_COMMANDS = 
  $ ./config.status 

on fog-VirtualBox

config.status:1228: creating Makefile
config.status:1228: creating etc/Makefile
config.status:1228: creating plugins/Makefile
config.status:1228: creating src/Makefile
config.status:1228: creating tests/Makefile
config.status:1228: creating tslib-0.0.pc
config.status:1228: creating config.h
config.status:1409: config.h is unchanged
config.status:1457: executing depfiles commands
config.status:1457: executing libtool commands
configure:19317: WARNING: unrecognized options: --enable-inputapi

## ---------------- ##
## Cache variables. ##
## ---------------- ##

ac_cv_build=i686-pc-linux-gnu
ac_cv_c_compiler_gnu=yes
ac_cv_c_const=yes
ac_cv_c_inline=inline
ac_cv_cxx_compiler_gnu=yes
ac_cv_env_CCC_set=
ac_cv_env_CCC_value=
ac_cv_env_CC_set=
ac_cv_env_CC_value=
ac_cv_env_CFLAGS_set=
ac_cv_env_CFLAGS_value=
ac_cv_env_CPPFLAGS_set=
ac_cv_env_CPPFLAGS_value=
ac_cv_env_CPP_set=
ac_cv_env_CPP_value=
ac_cv_env_CXXCPP_set=
ac_cv_env_CXXCPP_value=
ac_cv_env_CXXFLAGS_set=
ac_cv_env_CXXFLAGS_value=
ac_cv_env_CXX_set=
ac_cv_env_CXX_value=
ac_cv_env_LDFLAGS_set=
ac_cv_env_LDFLAGS_value=
ac_cv_env_LIBS_set=
ac_cv_env_LIBS_value=
ac_cv_env_build_alias_set=
ac_cv_env_build_alias_value=
ac_cv_env_host_alias_set=set
ac_cv_env_host_alias_value=arm-none-linux-gnueabi
ac_cv_env_target_alias_set=
ac_cv_env_target_alias_value=
ac_cv_func__doprnt=no
ac_cv_func_alloca_works=yes
ac_cv_func_bzero=yes
ac_cv_func_dlopen=no
ac_cv_func_getpagesize=yes
ac_cv_func_gettimeofday=yes
ac_cv_func_lstat_dereferences_slashed_symlink=yes
ac_cv_func_malloc_0_nonnull=yes
ac_cv_func_memmove=yes
ac_cv_func_memset=yes
ac_cv_func_mmap_fixed_mapped=yes
ac_cv_func_munmap=yes
ac_cv_func_select=yes
ac_cv_func_select_args='int,fd_set *,struct timeval *'
ac_cv_func_shl_load=no
ac_cv_func_stat_empty_string_bug=no
ac_cv_func_strcasecmp=yes
ac_cv_func_strchr=yes
ac_cv_func_strdup=yes
ac_cv_func_strtoul=yes
ac_cv_func_vprintf=yes
ac_cv_header_dlfcn_h=yes
ac_cv_header_fcntl_h=yes
ac_cv_header_inttypes_h=yes
ac_cv_header_limits_h=yes
ac_cv_header_memory_h=yes
ac_cv_header_stdc=yes
ac_cv_header_stdint_h=yes
ac_cv_header_stdlib_h=yes
ac_cv_header_string_h=yes
ac_cv_header_strings_h=yes
ac_cv_header_sys_ioctl_h=yes
ac_cv_header_sys_param_h=yes
ac_cv_header_sys_select_h=yes
ac_cv_header_sys_socket_h=yes
ac_cv_header_sys_stat_h=yes
ac_cv_header_sys_time_h=yes
ac_cv_header_sys_types_h=yes
ac_cv_header_time=yes
ac_cv_header_unistd_h=yes
ac_cv_host=arm-none-linux-gnueabi
ac_cv_lib_dl_dlopen=yes
ac_cv_lib_dld_shl_load=no
ac_cv_objext=o
ac_cv_path_EGREP='/bin/grep -E'
ac_cv_path_FGREP='/bin/grep -F'
ac_cv_path_GREP=/bin/grep
ac_cv_path_SED=/bin/sed
ac_cv_path_install='/usr/bin/install -c'
ac_cv_path_mkdir=/bin/mkdir
ac_cv_prog_AWK=mawk
ac_cv_prog_CPP='gcc -E'
ac_cv_prog_CXXCPP='g++ -E'
ac_cv_prog_STRIP=strip
ac_cv_prog_ac_ct_AR=ar
ac_cv_prog_ac_ct_CC=gcc
ac_cv_prog_ac_ct_CXX=g++
ac_cv_prog_ac_ct_DUMPBIN='link -dump'
ac_cv_prog_ac_ct_MANIFEST_TOOL=mt
ac_cv_prog_ac_ct_OBJDUMP=objdump
ac_cv_prog_ac_ct_RANLIB=ranlib
ac_cv_prog_ac_ct_STRIP=strip
ac_cv_prog_cc_c89=
ac_cv_prog_cc_g=yes
ac_cv_prog_cxx_g=yes
ac_cv_prog_gcc_traditional=no
ac_cv_prog_make_make_set=yes
ac_cv_type_signal=void
ac_cv_type_size_t=yes
ac_cv_working_alloca_h=yes
am_cv_CC_dependencies_compiler_type=gcc3
am_cv_CXX_dependencies_compiler_type=gcc3
bb_cv_cc_supports_hidden_visibility=yes
lt_cv_ar_at_file=@
lt_cv_archive_cmds_need_lc=no
lt_cv_deplibs_check_method=pass_all
lt_cv_dlopen=dlopen
lt_cv_dlopen_libs=-ldl
lt_cv_dlopen_self=yes
lt_cv_dlopen_self_static=no
lt_cv_file_magic_cmd='$MAGIC_CMD'
lt_cv_file_magic_test_file=
lt_cv_ld_reload_flag=-r
lt_cv_nm_interface='BSD nm'
lt_cv_objdir=.libs
lt_cv_path_LD=/usr/bin/ld
lt_cv_path_LDCXX=/usr/bin/ld
lt_cv_path_NM=no
lt_cv_path_mainfest_tool=no
lt_cv_prog_compiler_c_o=yes
lt_cv_prog_compiler_c_o_CXX=yes
lt_cv_prog_compiler_pic='-fPIC -DPIC'
lt_cv_prog_compiler_pic_CXX='-fPIC -DPIC'
lt_cv_prog_compiler_pic_works=yes
lt_cv_prog_compiler_pic_works_CXX=yes
lt_cv_prog_compiler_rtti_exceptions=no
lt_cv_prog_compiler_static_works=yes
lt_cv_prog_compiler_static_works_CXX=yes
lt_cv_prog_gnu_ld=yes
lt_cv_prog_gnu_ldcxx=yes
lt_cv_sharedlib_from_linklib_cmd='printf %s\n'
lt_cv_shlibpath_overrides_runpath=no
lt_cv_sys_global_symbol_pipe='sed -n -e '\''s/^.*[	 ]\([ABCDGIRSTW][ABCDGIRSTW]*\)[	 ][	 ]*\([_A-Za-z][_A-Za-z0-9]*\)$/\1 \2 \2/p'\'' | sed '\''/ __gnu_lto/d'\'''
lt_cv_sys_global_symbol_to_c_name_address='sed -n -e '\''s/^: \([^ ]*\)[ ]*$/  {\"\1\", (void *) 0},/p'\'' -e '\''s/^[ABCDGIRSTW]* \([^ ]*\) \([^ ]*\)$/  {"\2", (void *) \&\2},/p'\'''
lt_cv_sys_global_symbol_to_c_name_address_lib_prefix='sed -n -e '\''s/^: \([^ ]*\)[ ]*$/  {\"\1\", (void *) 0},/p'\'' -e '\''s/^[ABCDGIRSTW]* \([^ ]*\) \(lib[^ ]*\)$/  {"\2", (void *) \&\2},/p'\'' -e '\''s/^[ABCDGIRSTW]* \([^ ]*\) \([^ ]*\)$/  {"lib\2", (void *) \&\2},/p'\'''
lt_cv_sys_global_symbol_to_cdecl='sed -n -e '\''s/^T .* \(.*\)$/extern int \1();/p'\'' -e '\''s/^[ABCDGIRSTW]* .* \(.*\)$/extern char \1;/p'\'''
lt_cv_sys_max_cmd_len=1572864
lt_cv_to_host_file_cmd=func_convert_file_noop
lt_cv_to_tool_file_cmd=func_convert_file_noop

## ----------------- ##
## Output variables. ##
## ----------------- ##

ACLOCAL='${SHELL} /home/fog/v-bios/v-bios/tslib/missing --run aclocal-1.12'
ALLOCA=''
AMDEPBACKSLASH='\'
AMDEP_FALSE='#'
AMDEP_TRUE=''
AMTAR='$${TAR-tar}'
AR='ar'
AUTOCONF='${SHELL} /home/fog/v-bios/v-bios/tslib/missing --run autoconf'
AUTOHEADER='${SHELL} /home/fog/v-bios/v-bios/tslib/missing --run autoheader'
AUTOMAKE='${SHELL} /home/fog/v-bios/v-bios/tslib/missing --run automake-1.12'
AWK='mawk'
CC='gcc'
CCDEPMODE='depmode=gcc3'
CFLAGS='-DGCC_HASCLASSVISIBILITY -O2 -Wall -W'
CPP='gcc -E'
CPPFLAGS=''
CXX='g++'
CXXCPP='g++ -E'
CXXDEPMODE='depmode=gcc3'
CXXFLAGS='-g -O2'
CYGPATH_W='echo'
DEBUGFLAGS=''
DEFS='-DHAVE_CONFIG_H'
DEPDIR='.deps'
DLLTOOL='false'
DSYMUTIL=''
DUMPBIN=':'
ECHO_C=''
ECHO_N='-n'
ECHO_T=''
EGREP='/bin/grep -E'
ENABLE_ARCTIC2_MODULE_FALSE='#'
ENABLE_ARCTIC2_MODULE_TRUE=''
ENABLE_COLLIE_MODULE_FALSE='#'
ENABLE_COLLIE_MODULE_TRUE=''
ENABLE_CORGI_MODULE_FALSE='#'
ENABLE_CORGI_MODULE_TRUE=''
ENABLE_DEJITTER_MODULE_FALSE='#'
ENABLE_DEJITTER_MODULE_TRUE=''
ENABLE_H2200_LINEAR_MODULE_FALSE='#'
ENABLE_H2200_LINEAR_MODULE_TRUE=''
ENABLE_H3600_MODULE_FALSE='#'
ENABLE_H3600_MODULE_TRUE=''
ENABLE_INPUT_MODULE_FALSE='#'
ENABLE_INPUT_MODULE_TRUE=''
ENABLE_LINEAR_MODULE_FALSE='#'
ENABLE_LINEAR_MODULE_TRUE=''
ENABLE_MK712_MODULE_FALSE='#'
ENABLE_MK712_MODULE_TRUE=''
ENABLE_PTHRES_MODULE_FALSE='#'
ENABLE_PTHRES_MODULE_TRUE=''
ENABLE_UCB1X00_MODULE_FALSE='#'
ENABLE_UCB1X00_MODULE_TRUE=''
ENABLE_VARIANCE_MODULE_FALSE='#'
ENABLE_VARIANCE_MODULE_TRUE=''
EXEEXT=''
FGREP='/bin/grep -F'
GREP='/bin/grep'
INSTALL_DATA='${INSTALL} -m 644'
INSTALL_PROGRAM='${INSTALL}'
INSTALL_SCRIPT='${INSTALL}'
INSTALL_STRIP_PROGRAM='$(install_sh) -c -s'
LD='/usr/bin/ld'
LDFLAGS=''
LIBFLAGS='-DTSLIB_INTERNAL'
LIBOBJS=''
LIBS='-ldl '
LIBTOOL='$(SHELL) $(top_builddir)/libtool'
LIPO=''
LN_S='ln -s'
LTLIBOBJS=''
LT_AGE='1'
LT_CURRENT='1'
LT_RELEASE='0.0'
LT_REVISION='1'
MAKEINFO='${SHELL} /home/fog/v-bios/v-bios/tslib/missing --run makeinfo'
MANIFEST_TOOL=':'
MKDIR_P='/bin/mkdir -p'
NM='nm'
NMEDIT=''
OBJDUMP='objdump'
OBJEXT='o'
OTOOL64=''
OTOOL=''
PACKAGE='tslib'
PACKAGE_BUGREPORT='kergoth@handhelds.org'
PACKAGE_DESCRIPTION='Touchscreen Access Library'
PACKAGE_NAME='tslib'
PACKAGE_STRING='tslib 0.0.2'
PACKAGE_TARNAME='tslib'
PACKAGE_URL=''
PACKAGE_VERSION='0.0.2'
PATH_SEPARATOR=':'
PLUGIN_DIR='${libdir}/ts/'
RANLIB='ranlib'
SED='/bin/sed'
SET_MAKE=''
SHELL='/bin/bash'
STRIP='strip'
TS_CONF='${sysconfdir}/ts.conf'
VERSION='0.0.2'
VIS_CFLAGS='-fvisibility=hidden'
ac_ct_AR='ar'
ac_ct_CC='gcc'
ac_ct_CXX='g++'
ac_ct_DUMPBIN='link -dump'
am__EXEEXT_FALSE=''
am__EXEEXT_TRUE='#'
am__fastdepCC_FALSE='#'
am__fastdepCC_TRUE=''
am__fastdepCXX_FALSE='#'
am__fastdepCXX_TRUE=''
am__include='include'
am__isrc=''
am__leading_dot='.'
am__nodep='_no'
am__quote=''
am__tar='$${TAR-tar} chof - "$$tardir"'
am__untar='$${TAR-tar} xf -'
bindir='${exec_prefix}/bin'
build='i686-pc-linux-gnu'
build_alias=''
build_cpu='i686'
build_os='linux-gnu'
build_vendor='pc'
datadir='${datarootdir}'
datarootdir='${prefix}/share'
docdir='${datarootdir}/doc/${PACKAGE_TARNAME}'
dvidir='${docdir}'
exec_prefix='${prefix}'
host='arm-none-linux-gnueabi'
host_alias='arm-none-linux-gnueabi'
host_cpu='arm'
host_os='linux-gnueabi'
host_vendor='none'
htmldir='${docdir}'
includedir='${prefix}/include'
infodir='${datarootdir}/info'
install_sh='${SHELL} /home/fog/v-bios/v-bios/tslib/install-sh'
libdir='${exec_prefix}/lib'
libexecdir='${exec_prefix}/libexec'
localedir='${datarootdir}/locale'
localstatedir='${prefix}/var'
mandir='${datarootdir}/man'
mkdir_p='$(MKDIR_P)'
oldincludedir='/usr/include'
pdfdir='${docdir}'
prefix='/home/fog/v-bios/v-bios/tslib/out'
program_transform_name='s,x,x,'
psdir='${docdir}'
sbindir='${exec_prefix}/sbin'
sharedstatedir='${prefix}/com'
sysconfdir='${prefix}/etc'
target_alias=''

## ----------- ##
## confdefs.h. ##
## ----------- ##

/* confdefs.h */
#define PACKAGE_NAME "tslib"
#define PACKAGE_TARNAME "tslib"
#define PACKAGE_VERSION "0.0.2"
#define PACKAGE_STRING "tslib 0.0.2"
#define PACKAGE_BUGREPORT "kergoth@handhelds.org"
#define PACKAGE_URL ""
#define PACKAGE "tslib"
#define VERSION "0.0.2"
#define STDC_HEADERS 1
#define HAVE_SYS_TYPES_H 1
#define HAVE_SYS_STAT_H 1
#define HAVE_STDLIB_H 1
#define HAVE_STRING_H 1
#define HAVE_MEMORY_H 1
#define HAVE_STRINGS_H 1
#define HAVE_INTTYPES_H 1
#define HAVE_STDINT_H 1
#define HAVE_UNISTD_H 1
#define HAVE_DLFCN_H 1
#define LT_OBJDIR ".libs/"
#define HAVE_LIBDL 1
#define HAVE_ALLOCA_H 1
#define HAVE_ALLOCA 1
#define STDC_HEADERS 1
#define HAVE_FCNTL_H 1
#define HAVE_LIMITS_H 1
#define HAVE_STDLIB_H 1
#define HAVE_STRING_H 1
#define HAVE_SYS_IOCTL_H 1
#define HAVE_SYS_TIME_H 1
#define HAVE_UNISTD_H 1
#define TIME_WITH_SYS_TIME 1
#define HAVE_STDLIB_H 1
#define HAVE_MALLOC 1
#define HAVE_STDLIB_H 1
#define HAVE_UNISTD_H 1
#define HAVE_SYS_PARAM_H 1
#define HAVE_GETPAGESIZE 1
#define HAVE_MMAP 1
#define HAVE_SYS_SELECT_H 1
#define HAVE_SYS_SOCKET_H 1
#define SELECT_TYPE_ARG1 int
#define SELECT_TYPE_ARG234 (fd_set *)
#define SELECT_TYPE_ARG5 (struct timeval *)
#define RETSIGTYPE void
#define LSTAT_FOLLOWS_SLASHED_SYMLINK 1
#define HAVE_VPRINTF 1
#define HAVE_BZERO 1
#define HAVE_GETTIMEOFDAY 1
#define HAVE_MEMMOVE 1
#define HAVE_MEMSET 1
#define HAVE_MUNMAP 1
#define HAVE_SELECT 1
#define HAVE_STRCASECMP 1
#define HAVE_STRCHR 1
#define HAVE_STRDUP 1
#define HAVE_STRTOUL 1

configure: exit 0
